e:\code\my\krl\oxygen_ark\oxygen_ark_drv\oxygen_ark_drv\x64\debug\vc143.pdb
e:\code\my\krl\oxygen_ark\oxygen_ark_drv\oxygen_ark_drv\x64\debug\log.obj
e:\code\my\krl\oxygen_ark\oxygen_ark_drv\oxygen_ark_drv\x64\debug\drv_main.obj
e:\code\my\krl\oxygen_ark\oxygen_ark_drv\oxygen_ark_drv\x64\debug\base.obj
e:\code\my\krl\oxygen_ark\oxygen_ark_drv\oxygen_ark_drv\x64\debug\process.obj
e:\code\my\krl\oxygen_ark\oxygen_ark_drv\oxygen_ark_drv\x64\debug\r3.obj
e:\code\my\krl\oxygen_ark\oxygen_ark_drv\oxygen_ark_drv\x64\debug\utils.obj
e:\code\my\krl\oxygen_ark\oxygen_ark_drv\oxygen_ark_drv\x64\debug\module.obj
e:\code\my\krl\oxygen_ark\oxygen_ark_drv\oxygen_ark_drv\x64\debug\hide_process.obj
e:\code\my\krl\oxygen_ark\oxygen_ark_drv\oxygen_ark_drv\x64\debug\_utils.obj
e:\code\my\krl\oxygen_ark\oxygen_ark_drv\oxygen_ark_drv\x64\debug\hde64.obj
e:\code\my\krl\oxygen_ark\oxygen_ark_drv\x64\debug\oxygen_ark_drv.sys
e:\code\my\krl\oxygen_ark\oxygen_ark_drv\x64\debug\oxygen_ark_drv.pdb
e:\code\my\krl\oxygen_ark\oxygen_ark_drv\x64\debug\oxygen_ark_drv.cer
e:\code\my\krl\oxygen_ark\oxygen_ark_drv\oxygen_ark_drv\x64\debug\oxygen_ark_drv.tlog\cl.command.1.tlog
e:\code\my\krl\oxygen_ark\oxygen_ark_drv\oxygen_ark_drv\x64\debug\oxygen_ark_drv.tlog\cl.read.1.tlog
e:\code\my\krl\oxygen_ark\oxygen_ark_drv\oxygen_ark_drv\x64\debug\oxygen_ark_drv.tlog\cl.write.1.tlog
e:\code\my\krl\oxygen_ark\oxygen_ark_drv\oxygen_ark_drv\x64\debug\oxygen_ark_drv.tlog\link.command.1.tlog
e:\code\my\krl\oxygen_ark\oxygen_ark_drv\oxygen_ark_drv\x64\debug\oxygen_ark_drv.tlog\link.read.1.tlog
e:\code\my\krl\oxygen_ark\oxygen_ark_drv\oxygen_ark_drv\x64\debug\oxygen_ark_drv.tlog\link.read.2.tlog
e:\code\my\krl\oxygen_ark\oxygen_ark_drv\oxygen_ark_drv\x64\debug\oxygen_ark_drv.tlog\link.read.3.tlog
e:\code\my\krl\oxygen_ark\oxygen_ark_drv\oxygen_ark_drv\x64\debug\oxygen_ark_drv.tlog\link.write.1.tlog
e:\code\my\krl\oxygen_ark\oxygen_ark_drv\oxygen_ark_drv\x64\debug\oxygen_ark_drv.tlog\signtool.command.1.tlog
e:\code\my\krl\oxygen_ark\oxygen_ark_drv\oxygen_ark_drv\x64\debug\oxygen_ark_drv.tlog\signtool.read.1.tlog
e:\code\my\krl\oxygen_ark\oxygen_ark_drv\oxygen_ark_drv\x64\debug\oxygen_ark_drv.tlog\signtool.timestamp.1.tlog
e:\code\my\krl\oxygen_ark\oxygen_ark_drv\oxygen_ark_drv\x64\debug\oxygen_ark_drv.tlog\signtool.write.1.tlog
